This file contains any messages produced by compilers while
running configure, to aid debugging if configure makes a mistake.

It was created by lcms2 configure 2.6, which was
generated by GNU Autoconf 2.69.  Invocation command line was

  $ ./configure 

## --------- ##
## Platform. ##
## --------- ##

hostname = Bretts-MacBook-Pro.local
uname -m = x86_64
uname -r = 13.3.0
uname -s = Darwin
uname -v = Darwin Kernel Version 13.3.0: Tue Jun  3 21:27:35 PDT 2014; root:xnu-2422.110.17~1/RELEASE_X86_64

/usr/bin/uname -p = i386
/bin/uname -X     = unknown

/bin/arch              = unknown
/usr/bin/arch -k       = unknown
/usr/convex/getsysinfo = unknown
/usr/bin/hostinfo      = Mach kernel version:
	 Darwin Kernel Version 13.3.0: Tue Jun  3 21:27:35 PDT 2014; root:xnu-2422.110.17~1/RELEASE_X86_64
Kernel configured for up to 8 processors.
4 processors are physically available.
8 processors are logically available.
Processor type: i486 (Intel 80486)
Processors active: 0 1 2 3 4 5 6 7
Primary memory available: 16.00 gigabytes
Default processor set: 192 tasks, 1033 threads, 8 processors
Load average: 2.80, Mach factor: 5.19
/bin/machine           = unknown
/usr/bin/oslevel       = unknown
/bin/universe          = unknown

PATH: /Users/brettrenfer/google-cloud-sdk/bin
PATH: /usr/local/heroku/bin
PATH: /usr/bin
PATH: /bin
PATH: /usr/sbin
PATH: /sbin
PATH: /usr/local/bin
PATH: /opt/X11/bin


## ----------- ##
## Core tests. ##
## ----------- ##

configure:2426: checking build system type
configure:2440: result: x86_64-apple-darwin13.3.0
configure:2460: checking host system type
configure:2473: result: x86_64-apple-darwin13.3.0
configure:2510: checking for a BSD-compatible install
configure:2578: result: /usr/bin/install -c
configure:2589: checking whether build environment is sane
configure:2639: result: yes
configure:2780: checking for a thread-safe mkdir -p
configure:2819: result: ./install-sh -c -d
configure:2832: checking for gawk
configure:2862: result: no
configure:2832: checking for mawk
configure:2862: result: no
configure:2832: checking for nawk
configure:2862: result: no
configure:2832: checking for awk
configure:2848: found /usr/bin/awk
configure:2859: result: awk
configure:2870: checking whether make sets $(MAKE)
configure:2892: result: yes
configure:2978: checking for style of include used by make
configure:3006: result: GNU
configure:3077: checking for gcc
configure:3093: found /usr/bin/gcc
configure:3104: result: gcc
configure:3333: checking for C compiler version
configure:3342: gcc --version >&5
Apple LLVM version 5.1 (clang-503.0.40) (based on LLVM 3.4svn)
Target: x86_64-apple-darwin13.3.0
Thread model: posix
Configured with: --prefix=/Applications/Xcode.app/Contents/Developer/usr --with-gxx-include-dir=/usr/include/c++/4.2.1
configure:3353: $? = 0
configure:3342: gcc -v >&5
Configured with: --prefix=/Applications/Xcode.app/Contents/Developer/usr --with-gxx-include-dir=/usr/include/c++/4.2.1
Apple LLVM version 5.1 (clang-503.0.40) (based on LLVM 3.4svn)
Target: x86_64-apple-darwin13.3.0
Thread model: posix
configure:3353: $? = 0
configure:3342: gcc -V >&5
clang: error: argument to '-V' is missing (expected 1 value)
clang: error: no input files
configure:3353: $? = 1
configure:3342: gcc -qversion >&5
clang: error: unknown argument: '-qversion' [-Wunused-command-line-argument-hard-error-in-future]
clang: note: this will be a hard error (cannot be downgraded to a warning) in the future
clang: error: no input files
configure:3353: $? = 1
configure:3373: checking whether the C compiler works
configure:3395: gcc    conftest.c  >&5
configure:3399: $? = 0
configure:3447: result: yes
configure:3450: checking for C compiler default output file name
configure:3452: result: a.out
configure:3458: checking for suffix of executables
configure:3465: gcc -o conftest    conftest.c  >&5
configure:3469: $? = 0
configure:3491: result: 
configure:3513: checking whether we are cross compiling
configure:3521: gcc -o conftest    conftest.c  >&5
configure:3525: $? = 0
configure:3532: ./conftest
configure:3536: $? = 0
configure:3551: result: no
configure:3556: checking for suffix of object files
configure:3578: gcc -c   conftest.c >&5
configure:3582: $? = 0
configure:3603: result: o
configure:3607: checking whether we are using the GNU C compiler
configure:3626: gcc -c   conftest.c >&5
configure:3626: $? = 0
configure:3635: result: yes
configure:3644: checking whether gcc accepts -g
configure:3664: gcc -c -g  conftest.c >&5
configure:3664: $? = 0
configure:3705: result: yes
configure:3722: checking for gcc option to accept ISO C89
configure:3785: gcc  -c -g -O2  conftest.c >&5
configure:3785: $? = 0
configure:3798: result: none needed
configure:3820: checking dependency style of gcc
configure:3931: result: gcc3
configure:3950: checking for gcc option to accept ISO C99
configure:4099: gcc  -c -g -O2  conftest.c >&5
configure:4099: $? = 0
configure:4112: result: none needed
configure:4220: checking for gcc option to accept ISO Standard C
configure:4231: result: none needed
configure:4243: checking how to run the C preprocessor
configure:4274: gcc -E  conftest.c
configure:4274: $? = 0
configure:4288: gcc -E  conftest.c
conftest.c:9:10: fatal error: 'ac_nonexistent.h' file not found
#include <ac_nonexistent.h>
         ^
1 error generated.
configure:4288: $? = 1
configure: failed program was:
| /* confdefs.h */
| #define PACKAGE_NAME "lcms2"
| #define PACKAGE_TARNAME "lcms2"
| #define PACKAGE_VERSION "2.6"
| #define PACKAGE_STRING "lcms2 2.6"
| #define PACKAGE_BUGREPORT ""
| #define PACKAGE_URL ""
| /* end confdefs.h.  */
| #include <ac_nonexistent.h>
configure:4313: result: gcc -E
configure:4333: gcc -E  conftest.c
configure:4333: $? = 0
configure:4347: gcc -E  conftest.c
conftest.c:9:10: fatal error: 'ac_nonexistent.h' file not found
#include <ac_nonexistent.h>
         ^
1 error generated.
configure:4347: $? = 1
configure: failed program was:
| /* confdefs.h */
| #define PACKAGE_NAME "lcms2"
| #define PACKAGE_TARNAME "lcms2"
| #define PACKAGE_VERSION "2.6"
| #define PACKAGE_STRING "lcms2 2.6"
| #define PACKAGE_BUGREPORT ""
| #define PACKAGE_URL ""
| /* end confdefs.h.  */
| #include <ac_nonexistent.h>
configure:4433: checking for g++
configure:4449: found /usr/bin/g++
configure:4460: result: g++
configure:4487: checking for C++ compiler version
configure:4496: g++ --version >&5
Apple LLVM version 5.1 (clang-503.0.40) (based on LLVM 3.4svn)
Target: x86_64-apple-darwin13.3.0
Thread model: posix
Configured with: --prefix=/Applications/Xcode.app/Contents/Developer/usr --with-gxx-include-dir=/usr/include/c++/4.2.1
configure:4507: $? = 0
configure:4496: g++ -v >&5
Configured with: --prefix=/Applications/Xcode.app/Contents/Developer/usr --with-gxx-include-dir=/usr/include/c++/4.2.1
Apple LLVM version 5.1 (clang-503.0.40) (based on LLVM 3.4svn)
Target: x86_64-apple-darwin13.3.0
Thread model: posix
configure:4507: $? = 0
configure:4496: g++ -V >&5
clang: error: argument to '-V' is missing (expected 1 value)
clang: error: no input files
configure:4507: $? = 1
configure:4496: g++ -qversion >&5
clang: error: unknown argument: '-qversion' [-Wunused-command-line-argument-hard-error-in-future]
clang: note: this will be a hard error (cannot be downgraded to a warning) in the future
clang: error: no input files
configure:4507: $? = 1
configure:4511: checking whether we are using the GNU C++ compiler
configure:4530: g++ -c   conftest.cpp >&5
configure:4530: $? = 0
configure:4539: result: yes
configure:4548: checking whether g++ accepts -g
configure:4568: g++ -c -g  conftest.cpp >&5
configure:4568: $? = 0
configure:4609: result: yes
configure:4634: checking dependency style of g++
configure:4745: result: gcc3
configure:5186: checking how to print strings
configure:5213: result: printf
configure:5234: checking for a sed that does not truncate output
configure:5298: result: /usr/bin/sed
configure:5316: checking for grep that handles long lines and -e
configure:5374: result: /usr/bin/grep
configure:5379: checking for egrep
configure:5441: result: /usr/bin/grep -E
configure:5446: checking for fgrep
configure:5508: result: /usr/bin/grep -F
configure:5543: checking for ld used by gcc
configure:5610: result: /Applications/Xcode.app/Contents/Developer/Toolchains/XcodeDefault.xctoolchain/usr/bin/ld
configure:5617: checking if the linker (/Applications/Xcode.app/Contents/Developer/Toolchains/XcodeDefault.xctoolchain/usr/bin/ld) is GNU ld
configure:5632: result: no
configure:5644: checking for BSD- or MS-compatible name lister (nm)
configure:5693: result: /usr/bin/nm
configure:5823: checking the name lister (/usr/bin/nm) interface
configure:5830: gcc -c -g -O2  conftest.c >&5
configure:5833: /usr/bin/nm "conftest.o"
configure:5836: output
000000000000025c S _some_variable
configure:5843: result: BSD nm
configure:5846: checking whether ln -s works
configure:5850: result: yes
configure:5858: checking the maximum length of command line arguments
configure:5983: result: 196608
configure:6000: checking whether the shell understands some XSI constructs
configure:6010: result: yes
configure:6014: checking whether the shell understands "+="
configure:6020: result: yes
configure:6055: checking how to convert x86_64-apple-darwin13.3.0 file names to x86_64-apple-darwin13.3.0 format
configure:6095: result: func_convert_file_noop
configure:6102: checking how to convert x86_64-apple-darwin13.3.0 file names to toolchain format
configure:6122: result: func_convert_file_noop
configure:6129: checking for /Applications/Xcode.app/Contents/Developer/Toolchains/XcodeDefault.xctoolchain/usr/bin/ld option to reload object files
configure:6136: result: -r
configure:6210: checking for objdump
configure:6237: result: objdump
configure:6266: checking how to recognize dependent libraries
configure:6468: result: pass_all
configure:6553: checking for dlltool
configure:6580: result: dlltool
configure:6610: checking how to associate runtime and link libraries
configure:6637: result: printf %s\n
configure:6698: checking for ar
configure:6714: found /usr/bin/ar
configure:6725: result: ar
configure:6762: checking for archiver @FILE support
configure:6779: gcc -c -g -O2  conftest.c >&5
configure:6779: $? = 0
configure:6782: ar cru libconftest.a @conftest.lst >&5
ar: @conftest.lst: No such file or directory
configure:6785: $? = 1
configure:6805: result: no
configure:6863: checking for strip
configure:6879: found /usr/bin/strip
configure:6890: result: strip
configure:6962: checking for ranlib
configure:6978: found /usr/bin/ranlib
configure:6989: result: ranlib
configure:7091: checking command to parse /usr/bin/nm output from gcc object
configure:7210: gcc -c -g -O2  conftest.c >&5
configure:7213: $? = 0
configure:7217: /usr/bin/nm conftest.o \| sed -n -e 's/^.*[ ]\([BCDEGRST][BCDEGRST]*\)[ ][ ]*\([_A-Za-z][_A-Za-z0-9]*\)$/\1 \2 \2/p' | sed '/ __gnu_lto/d' \> conftest.nm
configure:7220: $? = 0
cannot find nm_test_var in conftest.nm
configure:7210: gcc -c -g -O2  conftest.c >&5
configure:7213: $? = 0
configure:7217: /usr/bin/nm conftest.o \| sed -n -e 's/^.*[ ]\([BCDEGRST][BCDEGRST]*\)[ ][ ]*_\([_A-Za-z][_A-Za-z0-9]*\)$/\1 _\2 \2/p' | sed '/ __gnu_lto/d' \> conftest.nm
configure:7220: $? = 0
configure:7286: gcc -o conftest -g -O2   conftest.c conftstm.o >&5
configure:7289: $? = 0
configure:7327: result: ok
configure:7364: checking for sysroot
configure:7394: result: no
configure:7637: checking for mt
configure:7667: result: no
configure:7687: checking if : is a manifest tool
configure:7693: : '-?'
configure:7701: result: no
configure:7757: checking for dsymutil
configure:7773: found /usr/bin/dsymutil
configure:7784: result: dsymutil
configure:7849: checking for nmedit
configure:7865: found /usr/bin/nmedit
configure:7876: result: nmedit
configure:7941: checking for lipo
configure:7957: found /usr/bin/lipo
configure:7968: result: lipo
configure:8033: checking for otool
configure:8049: found /usr/bin/otool
configure:8060: result: otool
configure:8125: checking for otool64
configure:8155: result: no
configure:8200: checking for -single_module linker flag
gcc -g -O2  -o libconftest.dylib -dynamiclib -Wl,-single_module conftest.c
configure:8227: result: yes
configure:8229: checking for -exported_symbols_list linker flag
configure:8249: gcc -o conftest -g -O2   -Wl,-exported_symbols_list,conftest.sym conftest.c  >&5
configure:8249: $? = 0
configure:8259: result: yes
configure:8261: checking for -force_load linker flag
gcc -g -O2 -c -o conftest.o conftest.c
ar cru libconftest.a conftest.o
ranlib libconftest.a
gcc -g -O2  -o conftest conftest.c -Wl,-force_load,./libconftest.a
configure:8291: result: yes
configure:8329: checking for ANSI C header files
configure:8349: gcc -c -g -O2  conftest.c >&5
configure:8349: $? = 0
configure:8422: gcc -o conftest -g -O2   conftest.c  >&5
configure:8422: $? = 0
configure:8422: ./conftest
configure:8422: $? = 0
configure:8433: result: yes
configure:8446: checking for sys/types.h
configure:8446: gcc -c -g -O2  conftest.c >&5
configure:8446: $? = 0
configure:8446: result: yes
configure:8446: checking for sys/stat.h
configure:8446: gcc -c -g -O2  conftest.c >&5
configure:8446: $? = 0
configure:8446: result: yes
configure:8446: checking for stdlib.h
configure:8446: gcc -c -g -O2  conftest.c >&5
configure:8446: $? = 0
configure:8446: result: yes
configure:8446: checking for string.h
configure:8446: gcc -c -g -O2  conftest.c >&5
configure:8446: $? = 0
configure:8446: result: yes
configure:8446: checking for memory.h
configure:8446: gcc -c -g -O2  conftest.c >&5
configure:8446: $? = 0
configure:8446: result: yes
configure:8446: checking for strings.h
configure:8446: gcc -c -g -O2  conftest.c >&5
configure:8446: $? = 0
configure:8446: result: yes
configure:8446: checking for inttypes.h
configure:8446: gcc -c -g -O2  conftest.c >&5
configure:8446: $? = 0
configure:8446: result: yes
configure:8446: checking for stdint.h
configure:8446: gcc -c -g -O2  conftest.c >&5
configure:8446: $? = 0
configure:8446: result: yes
configure:8446: checking for unistd.h
configure:8446: gcc -c -g -O2  conftest.c >&5
configure:8446: $? = 0
configure:8446: result: yes
configure:8460: checking for dlfcn.h
configure:8460: gcc -c -g -O2  conftest.c >&5
configure:8460: $? = 0
configure:8460: result: yes
configure:8596: checking for objdir
configure:8611: result: .libs
configure:8878: checking if gcc supports -fno-rtti -fno-exceptions
configure:8896: gcc -c -g -O2  -fno-rtti -fno-exceptions conftest.c >&5
configure:8900: $? = 0
configure:8913: result: yes
configure:9223: checking for gcc option to produce PIC
configure:9230: result: -fno-common -DPIC
configure:9238: checking if gcc PIC flag -fno-common -DPIC works
configure:9256: gcc -c -g -O2  -fno-common -DPIC -DPIC conftest.c >&5
configure:9260: $? = 0
configure:9273: result: yes
configure:9302: checking if gcc static flag -static works
configure:9330: result: no
configure:9345: checking if gcc supports -c -o file.o
configure:9366: gcc -c -g -O2  -o out/conftest2.o conftest.c >&5
configure:9370: $? = 0
configure:9392: result: yes
configure:9400: checking if gcc supports -c -o file.o
configure:9447: result: yes
configure:9480: checking whether the gcc linker (/Applications/Xcode.app/Contents/Developer/Toolchains/XcodeDefault.xctoolchain/usr/bin/ld) supports shared libraries
configure:10638: result: yes
configure:10883: checking dynamic linker characteristics
configure:11619: result: darwin13.3.0 dyld
configure:11726: checking how to hardcode library paths into programs
configure:11751: result: immediate
configure:12291: checking whether stripping libraries is possible
configure:12305: result: yes
configure:12331: checking if libtool supports shared libraries
configure:12333: result: yes
configure:12336: checking whether to build shared libraries
configure:12357: result: yes
configure:12360: checking whether to build static libraries
configure:12364: result: yes
configure:12387: checking how to run the C++ preprocessor
configure:12414: g++ -E  conftest.cpp
configure:12414: $? = 0
configure:12428: g++ -E  conftest.cpp
conftest.cpp:21:10: fatal error: 'ac_nonexistent.h' file not found
#include <ac_nonexistent.h>
         ^
1 error generated.
configure:12428: $? = 1
configure: failed program was:
| /* confdefs.h */
| #define PACKAGE_NAME "lcms2"
| #define PACKAGE_TARNAME "lcms2"
| #define PACKAGE_VERSION "2.6"
| #define PACKAGE_STRING "lcms2 2.6"
| #define PACKAGE_BUGREPORT ""
| #define PACKAGE_URL ""
| #define STDC_HEADERS 1
| #define HAVE_SYS_TYPES_H 1
| #define HAVE_SYS_STAT_H 1
| #define HAVE_STDLIB_H 1
| #define HAVE_STRING_H 1
| #define HAVE_MEMORY_H 1
| #define HAVE_STRINGS_H 1
| #define HAVE_INTTYPES_H 1
| #define HAVE_STDINT_H 1
| #define HAVE_UNISTD_H 1
| #define HAVE_DLFCN_H 1
| #define LT_OBJDIR ".libs/"
| /* end confdefs.h.  */
| #include <ac_nonexistent.h>
configure:12453: result: g++ -E
configure:12473: g++ -E  conftest.cpp
configure:12473: $? = 0
configure:12487: g++ -E  conftest.cpp
conftest.cpp:21:10: fatal error: 'ac_nonexistent.h' file not found
#include <ac_nonexistent.h>
         ^
1 error generated.
configure:12487: $? = 1
configure: failed program was:
| /* confdefs.h */
| #define PACKAGE_NAME "lcms2"
| #define PACKAGE_TARNAME "lcms2"
| #define PACKAGE_VERSION "2.6"
| #define PACKAGE_STRING "lcms2 2.6"
| #define PACKAGE_BUGREPORT ""
| #define PACKAGE_URL ""
| #define STDC_HEADERS 1
| #define HAVE_SYS_TYPES_H 1
| #define HAVE_SYS_STAT_H 1
| #define HAVE_STDLIB_H 1
| #define HAVE_STRING_H 1
| #define HAVE_MEMORY_H 1
| #define HAVE_STRINGS_H 1
| #define HAVE_INTTYPES_H 1
| #define HAVE_STDINT_H 1
| #define HAVE_UNISTD_H 1
| #define HAVE_DLFCN_H 1
| #define LT_OBJDIR ".libs/"
| /* end confdefs.h.  */
| #include <ac_nonexistent.h>
configure:12657: checking for ld used by g++
configure:12724: result: /Applications/Xcode.app/Contents/Developer/Toolchains/XcodeDefault.xctoolchain/usr/bin/ld
configure:12731: checking if the linker (/Applications/Xcode.app/Contents/Developer/Toolchains/XcodeDefault.xctoolchain/usr/bin/ld) is GNU ld
configure:12746: result: no
configure:12801: checking whether the g++ linker (/Applications/Xcode.app/Contents/Developer/Toolchains/XcodeDefault.xctoolchain/usr/bin/ld) supports shared libraries
configure:13805: result: yes
configure:13840: g++ -c -g -O2  conftest.cpp >&5
configure:13843: $? = 0
configure:14363: checking for g++ option to produce PIC
configure:14370: result: -fno-common -DPIC
configure:14378: checking if g++ PIC flag -fno-common -DPIC works
configure:14396: g++ -c -g -O2  -fno-common -DPIC -DPIC conftest.cpp >&5
configure:14400: $? = 0
configure:14413: result: yes
configure:14436: checking if g++ static flag -static works
configure:14464: result: no
configure:14476: checking if g++ supports -c -o file.o
configure:14497: g++ -c -g -O2  -o out/conftest2.o conftest.cpp >&5
configure:14501: $? = 0
configure:14523: result: yes
configure:14528: checking if g++ supports -c -o file.o
configure:14575: result: yes
configure:14605: checking whether the g++ linker (/Applications/Xcode.app/Contents/Developer/Toolchains/XcodeDefault.xctoolchain/usr/bin/ld) supports shared libraries
configure:14639: result: yes
configure:14782: checking dynamic linker characteristics
configure:15452: result: darwin13.3.0 dyld
configure:15505: checking how to hardcode library paths into programs
configure:15530: result: immediate
configure:15595: checking whether to enable maintainer-specific portions of Makefiles
configure:15604: result: no
configure:15621: checking for inline
configure:15637: gcc -c -g -O2  conftest.c >&5
configure:15637: $? = 0
configure:15645: result: inline
configure:15667: checking whether byte ordering is bigendian
configure:15682: gcc -c -g -O2  conftest.c >&5
configure:15682: $? = 0
configure:15727: gcc -c -g -O2  conftest.c >&5
configure:15727: $? = 0
configure:15745: gcc -c -g -O2  conftest.c >&5
conftest.c:28:4: error: use of undeclared identifier 'not'
                 not big endian
                 ^
1 error generated.
configure:15745: $? = 1
configure: failed program was:
| /* confdefs.h */
| #define PACKAGE_NAME "lcms2"
| #define PACKAGE_TARNAME "lcms2"
| #define PACKAGE_VERSION "2.6"
| #define PACKAGE_STRING "lcms2 2.6"
| #define PACKAGE_BUGREPORT ""
| #define PACKAGE_URL ""
| #define STDC_HEADERS 1
| #define HAVE_SYS_TYPES_H 1
| #define HAVE_SYS_STAT_H 1
| #define HAVE_STDLIB_H 1
| #define HAVE_STRING_H 1
| #define HAVE_MEMORY_H 1
| #define HAVE_STRINGS_H 1
| #define HAVE_INTTYPES_H 1
| #define HAVE_STDINT_H 1
| #define HAVE_UNISTD_H 1
| #define HAVE_DLFCN_H 1
| #define LT_OBJDIR ".libs/"
| /* end confdefs.h.  */
| #include <sys/types.h>
| 		#include <sys/param.h>
| 
| int
| main ()
| {
| #if BYTE_ORDER != BIG_ENDIAN
| 		 not big endian
| 		#endif
| 
|   ;
|   return 0;
| }
configure:15873: result: no
configure:16134: checking for the pthreads library -lpthreads
configure:16167: gcc -o conftest -g -O2    conftest.c -lpthreads  >&5
ld: library not found for -lpthreads
clang: error: linker command failed with exit code 1 (use -v to see invocation)
configure:16167: $? = 1
configure: failed program was:
| /* confdefs.h */
| #define PACKAGE_NAME "lcms2"
| #define PACKAGE_TARNAME "lcms2"
| #define PACKAGE_VERSION "2.6"
| #define PACKAGE_STRING "lcms2 2.6"
| #define PACKAGE_BUGREPORT ""
| #define PACKAGE_URL ""
| #define STDC_HEADERS 1
| #define HAVE_SYS_TYPES_H 1
| #define HAVE_SYS_STAT_H 1
| #define HAVE_STDLIB_H 1
| #define HAVE_STRING_H 1
| #define HAVE_MEMORY_H 1
| #define HAVE_STRINGS_H 1
| #define HAVE_INTTYPES_H 1
| #define HAVE_STDINT_H 1
| #define HAVE_UNISTD_H 1
| #define HAVE_DLFCN_H 1
| #define LT_OBJDIR ".libs/"
| /* end confdefs.h.  */
| #include <pthread.h>
| int
| main ()
| {
| pthread_t th; pthread_join(th, 0);
|                      pthread_attr_init(0); pthread_cleanup_push(0, 0);
|                      pthread_create(0,0,0,0); pthread_cleanup_pop(0);
|   ;
|   return 0;
| }
configure:16176: result: no
configure:16079: checking whether pthreads work without any flags
configure:16167: gcc -o conftest -g -O2    conftest.c   >&5
configure:16167: $? = 0
configure:16176: result: yes
configure:16195: checking for joinable pthread attribute
configure:16210: gcc -o conftest -g -O2    conftest.c   >&5
configure:16210: $? = 0
configure:16216: result: PTHREAD_CREATE_JOINABLE
configure:16226: checking if more special flags are required for pthreads
configure:16233: result: -D_THREAD_SAFE
configure:16432: checking for sqrt in -lm
configure:16457: gcc -o conftest -g -O2 -D_THREAD_SAFE    conftest.c -lm   >&5
conftest.c:29:6: warning: incompatible redeclaration of library function 'sqrt' [-Wincompatible-library-redeclaration]
char sqrt ();
     ^
conftest.c:29:6: note: 'sqrt' is a builtin with type 'double (double)'
1 warning generated.
configure:16457: $? = 0
configure:16466: result: yes
configure:16485: checking for pthread_mutex_lock in -lpthread
configure:16510: gcc -o conftest -g -O2 -D_THREAD_SAFE    conftest.c -lpthread  -lm  >&5
configure:16510: $? = 0
configure:16520: result: yes
configure:16548: checking for JPEG support
configure:16550: result: 
configure:16554: checking jconfig.h usability
configure:16554: gcc -c -g -O2 -D_THREAD_SAFE   conftest.c >&5
configure:16554: $? = 0
configure:16554: result: yes
configure:16554: checking jconfig.h presence
configure:16554: gcc -E  conftest.c
configure:16554: $? = 0
configure:16554: result: yes
configure:16554: checking for jconfig.h
configure:16554: result: yes
configure:16562: checking jerror.h usability
configure:16562: gcc -c -g -O2 -D_THREAD_SAFE   conftest.c >&5
configure:16562: $? = 0
configure:16562: result: yes
configure:16562: checking jerror.h presence
configure:16562: gcc -E  conftest.c
configure:16562: $? = 0
configure:16562: result: yes
configure:16562: checking for jerror.h
configure:16562: result: yes
configure:16570: checking jmorecfg.h usability
configure:16570: gcc -c -g -O2 -D_THREAD_SAFE   conftest.c >&5
configure:16570: $? = 0
configure:16570: result: yes
configure:16570: checking jmorecfg.h presence
configure:16570: gcc -E  conftest.c
configure:16570: $? = 0
configure:16570: result: yes
configure:16570: checking for jmorecfg.h
configure:16570: result: yes
configure:16578: checking jpeglib.h usability
configure:16578: gcc -c -g -O2 -D_THREAD_SAFE   conftest.c >&5
configure:16578: $? = 0
configure:16578: result: yes
configure:16578: checking jpeglib.h presence
configure:16578: gcc -E  conftest.c
configure:16578: $? = 0
configure:16578: result: yes
configure:16578: checking for jpeglib.h
configure:16578: result: yes
configure:16586: checking for jpeg_read_header in -ljpeg
configure:16611: gcc -o conftest -g -O2 -D_THREAD_SAFE    conftest.c -ljpeg  -lm  -lpthread >&5
configure:16611: $? = 0
configure:16620: result: yes
configure:16631: checking for JPEG library is version 6b or later
configure:16655: gcc -c -g -O2 -D_THREAD_SAFE   conftest.c >&5
configure:16655: $? = 0
configure:16662: result: yes
configure:16665: result: yes
configure:16674: checking if JPEG package is complete
configure:16689: result: yes
configure:16715: checking for ZLIB support 
configure:16717: result: 
configure:16721: checking zconf.h usability
configure:16721: gcc -c -g -O2 -D_THREAD_SAFE   conftest.c >&5
configure:16721: $? = 0
configure:16721: result: yes
configure:16721: checking zconf.h presence
configure:16721: gcc -E  conftest.c
configure:16721: $? = 0
configure:16721: result: yes
configure:16721: checking for zconf.h
configure:16721: result: yes
configure:16729: checking zlib.h usability
configure:16729: gcc -c -g -O2 -D_THREAD_SAFE   conftest.c >&5
configure:16729: $? = 0
configure:16729: result: yes
configure:16729: checking zlib.h presence
configure:16729: gcc -E  conftest.c
configure:16729: $? = 0
configure:16729: result: yes
configure:16729: checking for zlib.h
configure:16729: result: yes
configure:16737: checking for compress in -lz
configure:16762: gcc -o conftest -g -O2 -D_THREAD_SAFE    conftest.c -lz  -ljpeg -lm  -lpthread >&5
configure:16762: $? = 0
configure:16771: result: yes
configure:16779: checking for uncompress in -lz
configure:16804: gcc -o conftest -g -O2 -D_THREAD_SAFE    conftest.c -lz  -ljpeg -lm  -lpthread >&5
configure:16804: $? = 0
configure:16813: result: yes
configure:16821: checking for deflate in -lz
configure:16846: gcc -o conftest -g -O2 -D_THREAD_SAFE    conftest.c -lz  -ljpeg -lm  -lpthread >&5
configure:16846: $? = 0
configure:16855: result: yes
configure:16863: checking for inflate in -lz
configure:16888: gcc -o conftest -g -O2 -D_THREAD_SAFE    conftest.c -lz  -ljpeg -lm  -lpthread >&5
configure:16888: $? = 0
configure:16897: result: yes
configure:16905: checking for gzseek in -lz
configure:16930: gcc -o conftest -g -O2 -D_THREAD_SAFE    conftest.c -lz  -ljpeg -lm  -lpthread >&5
configure:16930: $? = 0
configure:16939: result: yes
configure:16947: checking for gztell in -lz
configure:16972: gcc -o conftest -g -O2 -D_THREAD_SAFE    conftest.c -lz  -ljpeg -lm  -lpthread >&5
configure:16972: $? = 0
configure:16981: result: yes
configure:16989: checking if ZLIB package is complete
configure:17004: result: yes
configure:17030: checking for TIFF support
configure:17032: result: 
configure:17036: checking tiff.h usability
configure:17036: gcc -c -g -O2 -D_THREAD_SAFE   conftest.c >&5
configure:17036: $? = 0
configure:17036: result: yes
configure:17036: checking tiff.h presence
configure:17036: gcc -E  conftest.c
configure:17036: $? = 0
configure:17036: result: yes
configure:17036: checking for tiff.h
configure:17036: result: yes
configure:17044: checking tiffio.h usability
configure:17044: gcc -c -g -O2 -D_THREAD_SAFE   conftest.c >&5
configure:17044: $? = 0
configure:17044: result: yes
configure:17044: checking tiffio.h presence
configure:17044: gcc -E  conftest.c
configure:17044: $? = 0
configure:17044: result: yes
configure:17044: checking for tiffio.h
configure:17044: result: yes
configure:17052: checking for TIFFOpen in -ltiff
configure:17077: gcc -o conftest -g -O2 -D_THREAD_SAFE    conftest.c -ltiff  -lz -ljpeg -lm  -lpthread >&5
configure:17077: $? = 0
configure:17086: result: yes
configure:17094: checking for TIFFClientOpen in -ltiff
configure:17119: gcc -o conftest -g -O2 -D_THREAD_SAFE    conftest.c -ltiff  -lz -ljpeg -lm  -lpthread >&5
configure:17119: $? = 0
configure:17128: result: yes
configure:17136: checking for TIFFIsByteSwapped in -ltiff
configure:17161: gcc -o conftest -g -O2 -D_THREAD_SAFE    conftest.c -ltiff  -lz -ljpeg -lm  -lpthread >&5
configure:17161: $? = 0
configure:17170: result: yes
configure:17178: checking if TIFF package is complete
configure:17193: result: yes
configure:17198: checking tiffconf.h usability
configure:17198: gcc -c -g -O2 -D_THREAD_SAFE   conftest.c >&5
configure:17198: $? = 0
configure:17198: result: yes
configure:17198: checking tiffconf.h presence
configure:17198: gcc -E  conftest.c
configure:17198: $? = 0
configure:17198: result: yes
configure:17198: checking for tiffconf.h
configure:17198: result: yes
configure:17452: creating ./config.status

## ---------------------- ##
## Running config.status. ##
## ---------------------- ##

This file was extended by lcms2 config.status 2.6, which was
generated by GNU Autoconf 2.69.  Invocation command line was

  CONFIG_FILES    = 
  CONFIG_HEADERS  = 
  CONFIG_LINKS    = 
  CONFIG_COMMANDS = 
  $ ./config.status 

on Bretts-MacBook-Pro.local

config.status:1098: creating Makefile
config.status:1098: creating lcms2.pc
config.status:1098: creating include/Makefile
config.status:1098: creating src/Makefile
config.status:1098: creating utils/tificc/Makefile
config.status:1098: creating utils/transicc/Makefile
config.status:1098: creating utils/linkicc/Makefile
config.status:1098: creating utils/jpgicc/Makefile
config.status:1098: creating utils/psicc/Makefile
config.status:1098: creating testbed/Makefile
config.status:1270: executing depfiles commands
config.status:1270: executing libtool commands

## ---------------- ##
## Cache variables. ##
## ---------------- ##

ac_cv_build=x86_64-apple-darwin13.3.0
ac_cv_c_bigendian=no
ac_cv_c_compiler_gnu=yes
ac_cv_c_inline=inline
ac_cv_cxx_compiler_gnu=yes
ac_cv_env_CCC_set=
ac_cv_env_CCC_value=
ac_cv_env_CC_set=
ac_cv_env_CC_value=
ac_cv_env_CFLAGS_set=
ac_cv_env_CFLAGS_value=
ac_cv_env_CPPFLAGS_set=
ac_cv_env_CPPFLAGS_value=
ac_cv_env_CPP_set=
ac_cv_env_CPP_value=
ac_cv_env_CXXCPP_set=
ac_cv_env_CXXCPP_value=
ac_cv_env_CXXFLAGS_set=
ac_cv_env_CXXFLAGS_value=
ac_cv_env_CXX_set=
ac_cv_env_CXX_value=
ac_cv_env_LDFLAGS_set=
ac_cv_env_LDFLAGS_value=
ac_cv_env_LIBS_set=
ac_cv_env_LIBS_value=
ac_cv_env_build_alias_set=
ac_cv_env_build_alias_value=
ac_cv_env_host_alias_set=
ac_cv_env_host_alias_value=
ac_cv_env_target_alias_set=
ac_cv_env_target_alias_value=
ac_cv_header_dlfcn_h=yes
ac_cv_header_inttypes_h=yes
ac_cv_header_jconfig_h=yes
ac_cv_header_jerror_h=yes
ac_cv_header_jmorecfg_h=yes
ac_cv_header_jpeglib_h=yes
ac_cv_header_memory_h=yes
ac_cv_header_stdc=yes
ac_cv_header_stdint_h=yes
ac_cv_header_stdlib_h=yes
ac_cv_header_string_h=yes
ac_cv_header_strings_h=yes
ac_cv_header_sys_stat_h=yes
ac_cv_header_sys_types_h=yes
ac_cv_header_tiff_h=yes
ac_cv_header_tiffconf_h=yes
ac_cv_header_tiffio_h=yes
ac_cv_header_unistd_h=yes
ac_cv_header_zconf_h=yes
ac_cv_header_zlib_h=yes
ac_cv_host=x86_64-apple-darwin13.3.0
ac_cv_jpeg_version_ok=yes
ac_cv_lib_jpeg_jpeg_read_header=yes
ac_cv_lib_m_sqrt=yes
ac_cv_lib_pthread___pthread_mutex_lock=yes
ac_cv_lib_tiff_TIFFClientOpen=yes
ac_cv_lib_tiff_TIFFIsByteSwapped=yes
ac_cv_lib_tiff_TIFFOpen=yes
ac_cv_lib_z_compress=yes
ac_cv_lib_z_deflate=yes
ac_cv_lib_z_gzseek=yes
ac_cv_lib_z_gztell=yes
ac_cv_lib_z_inflate=yes
ac_cv_lib_z_uncompress=yes
ac_cv_objext=o
ac_cv_path_EGREP='/usr/bin/grep -E'
ac_cv_path_FGREP='/usr/bin/grep -F'
ac_cv_path_GREP=/usr/bin/grep
ac_cv_path_SED=/usr/bin/sed
ac_cv_path_install='/usr/bin/install -c'
ac_cv_prog_AWK=awk
ac_cv_prog_CPP='gcc -E'
ac_cv_prog_CXXCPP='g++ -E'
ac_cv_prog_ac_ct_AR=ar
ac_cv_prog_ac_ct_CC=gcc
ac_cv_prog_ac_ct_CXX=g++
ac_cv_prog_ac_ct_DLLTOOL=dlltool
ac_cv_prog_ac_ct_DSYMUTIL=dsymutil
ac_cv_prog_ac_ct_LIPO=lipo
ac_cv_prog_ac_ct_NMEDIT=nmedit
ac_cv_prog_ac_ct_OBJDUMP=objdump
ac_cv_prog_ac_ct_OTOOL=otool
ac_cv_prog_ac_ct_RANLIB=ranlib
ac_cv_prog_ac_ct_STRIP=strip
ac_cv_prog_cc_c89=
ac_cv_prog_cc_c99=
ac_cv_prog_cc_g=yes
ac_cv_prog_cc_stdc=
ac_cv_prog_cxx_g=yes
ac_cv_prog_make_make_set=yes
am_cv_CC_dependencies_compiler_type=gcc3
am_cv_CXX_dependencies_compiler_type=gcc3
lt_cv_apple_cc_single_mod=yes
lt_cv_ar_at_file=no
lt_cv_deplibs_check_method=pass_all
lt_cv_file_magic_cmd='$MAGIC_CMD'
lt_cv_file_magic_test_file=
lt_cv_ld_exported_symbols_list=yes
lt_cv_ld_force_load=yes
lt_cv_ld_reload_flag=-r
lt_cv_nm_interface='BSD nm'
lt_cv_objdir=.libs
lt_cv_path_LD=/Applications/Xcode.app/Contents/Developer/Toolchains/XcodeDefault.xctoolchain/usr/bin/ld
lt_cv_path_LDCXX=/Applications/Xcode.app/Contents/Developer/Toolchains/XcodeDefault.xctoolchain/usr/bin/ld
lt_cv_path_NM=/usr/bin/nm
lt_cv_path_mainfest_tool=no
lt_cv_prog_compiler_c_o=yes
lt_cv_prog_compiler_c_o_CXX=yes
lt_cv_prog_compiler_pic='-fno-common -DPIC'
lt_cv_prog_compiler_pic_CXX='-fno-common -DPIC'
lt_cv_prog_compiler_pic_works=yes
lt_cv_prog_compiler_pic_works_CXX=yes
lt_cv_prog_compiler_rtti_exceptions=yes
lt_cv_prog_compiler_static_works=no
lt_cv_prog_compiler_static_works_CXX=no
lt_cv_prog_gnu_ld=no
lt_cv_prog_gnu_ldcxx=no
lt_cv_sharedlib_from_linklib_cmd='printf %s\n'
lt_cv_sys_global_symbol_pipe='sed -n -e '\''s/^.*[	 ]\([BCDEGRST][BCDEGRST]*\)[	 ][	 ]*_\([_A-Za-z][_A-Za-z0-9]*\)$/\1 _\2 \2/p'\'' | sed '\''/ __gnu_lto/d'\'''
lt_cv_sys_global_symbol_to_c_name_address='sed -n -e '\''s/^: \([^ ]*\)[ ]*$/  {\"\1\", (void *) 0},/p'\'' -e '\''s/^[BCDEGRST]* \([^ ]*\) \([^ ]*\)$/  {"\2", (void *) \&\2},/p'\'''
lt_cv_sys_global_symbol_to_c_name_address_lib_prefix='sed -n -e '\''s/^: \([^ ]*\)[ ]*$/  {\"\1\", (void *) 0},/p'\'' -e '\''s/^[BCDEGRST]* \([^ ]*\) \(lib[^ ]*\)$/  {"\2", (void *) \&\2},/p'\'' -e '\''s/^[BCDEGRST]* \([^ ]*\) \([^ ]*\)$/  {"lib\2", (void *) \&\2},/p'\'''
lt_cv_sys_global_symbol_to_cdecl='sed -n -e '\''s/^T .* \(.*\)$/extern int \1();/p'\'' -e '\''s/^[BCDEGRST]* .* \(.*\)$/extern char \1;/p'\'''
lt_cv_sys_max_cmd_len=196608
lt_cv_to_host_file_cmd=func_convert_file_noop
lt_cv_to_tool_file_cmd=func_convert_file_noop

## ----------------- ##
## Output variables. ##
## ----------------- ##

ACLOCAL='${SHELL} /Users/brettrenfer/Dropbox/Code/OF/of_v0.8.3_osx_release/addons/ofxLittleCMS/libs/littlecms/missing --run aclocal-1.11'
AMDEPBACKSLASH='\'
AMDEP_FALSE='#'
AMDEP_TRUE=''
AMTAR='$${TAR-tar}'
AR='ar'
AS='as'
AUTOCONF='${SHELL} /Users/brettrenfer/Dropbox/Code/OF/of_v0.8.3_osx_release/addons/ofxLittleCMS/libs/littlecms/missing --run autoconf'
AUTOHEADER='${SHELL} /Users/brettrenfer/Dropbox/Code/OF/of_v0.8.3_osx_release/addons/ofxLittleCMS/libs/littlecms/missing --run autoheader'
AUTOMAKE='${SHELL} /Users/brettrenfer/Dropbox/Code/OF/of_v0.8.3_osx_release/addons/ofxLittleCMS/libs/littlecms/missing --run automake-1.11'
AWK='awk'
CC='gcc'
CCDEPMODE='depmode=gcc3'
CFLAGS='-g -O2 -D_THREAD_SAFE '
CPP='gcc -E'
CPPFLAGS=''
CXX='g++'
CXXCPP='g++ -E'
CXXDEPMODE='depmode=gcc3'
CXXFLAGS='-g -O2 -D_THREAD_SAFE '
CYGPATH_W='echo'
DEFS='-DPACKAGE_NAME=\"lcms2\" -DPACKAGE_TARNAME=\"lcms2\" -DPACKAGE_VERSION=\"2.6\" -DPACKAGE_STRING=\"lcms2\ 2.6\" -DPACKAGE_BUGREPORT=\"\" -DPACKAGE_URL=\"\" -DSTDC_HEADERS=1 -DHAVE_SYS_TYPES_H=1 -DHAVE_SYS_STAT_H=1 -DHAVE_STDLIB_H=1 -DHAVE_STRING_H=1 -DHAVE_MEMORY_H=1 -DHAVE_STRINGS_H=1 -DHAVE_INTTYPES_H=1 -DHAVE_STDINT_H=1 -DHAVE_UNISTD_H=1 -DHAVE_DLFCN_H=1 -DLT_OBJDIR=\".libs/\" -DHAVE_PTHREAD=1 -DHasTHREADS=1 -DHasJPEG=1 -DHasZLIB=1 -DHasTIFF=1 -DHAVE_TIFFCONF_H=1'
DEPDIR='.deps'
DLLTOOL='dlltool'
DSYMUTIL='dsymutil'
DUMPBIN=''
ECHO_C='\c'
ECHO_N=''
ECHO_T=''
EGREP='/usr/bin/grep -E'
EXEEXT=''
FGREP='/usr/bin/grep -F'
GREP='/usr/bin/grep'
HasJPEG_FALSE='#'
HasJPEG_TRUE=''
HasTIFF_FALSE='#'
HasTIFF_TRUE=''
HasZLIB_FALSE='#'
HasZLIB_TRUE=''
INSTALL_DATA='${INSTALL} -m 644'
INSTALL_PROGRAM='${INSTALL}'
INSTALL_SCRIPT='${INSTALL}'
INSTALL_STRIP_PROGRAM='$(install_sh) -c -s'
JPEGICC_DEPLIBS='-ljpeg -lm -lpthread'
LCMS_LIB_DEPLIBS='-lm -lpthread'
LD='/Applications/Xcode.app/Contents/Developer/Toolchains/XcodeDefault.xctoolchain/usr/bin/ld'
LDFLAGS=''
LIBOBJS=''
LIBRARY_AGE='0'
LIBRARY_CURRENT='2'
LIBRARY_REVISION='6'
LIBS=''
LIBTOOL='$(SHELL) $(top_builddir)/libtool'
LIBTOOL_DEPS='./ltmain.sh'
LIB_JPEG='-ljpeg'
LIB_MATH='-lm'
LIB_THREAD='-lpthread'
LIB_TIFF='-ltiff'
LIB_ZLIB='-lz'
LIPO='lipo'
LN_S='ln -s'
LTLIBOBJS=''
MAINT='#'
MAINTAINER_MODE_FALSE=''
MAINTAINER_MODE_TRUE='#'
MAKEINFO='${SHELL} /Users/brettrenfer/Dropbox/Code/OF/of_v0.8.3_osx_release/addons/ofxLittleCMS/libs/littlecms/missing --run makeinfo'
MANIFEST_TOOL=':'
MKDIR_P='./install-sh -c -d'
NM='/usr/bin/nm'
NMEDIT='nmedit'
OBJDUMP='objdump'
OBJEXT='o'
OTOOL64=':'
OTOOL='otool'
PACKAGE='lcms2'
PACKAGE_BUGREPORT=''
PACKAGE_NAME='lcms2'
PACKAGE_STRING='lcms2 2.6'
PACKAGE_TARNAME='lcms2'
PACKAGE_URL=''
PACKAGE_VERSION='2.6'
PATH_SEPARATOR=':'
PTHREAD_CC='gcc'
PTHREAD_CFLAGS='-D_THREAD_SAFE '
PTHREAD_CXX='g++'
PTHREAD_LIBS='-lpthread'
RANLIB='ranlib'
SED='/usr/bin/sed'
SET_MAKE=''
SHELL='/bin/sh'
STRIP='strip'
TIFFICC_DEPLIBS='-ltiff -ljpeg -lz -lm -lpthread'
VERSION='2.6'
ac_ct_AR='ar'
ac_ct_CC='gcc'
ac_ct_CXX='g++'
ac_ct_DUMPBIN=''
acx_pthread_config=''
am__EXEEXT_FALSE=''
am__EXEEXT_TRUE='#'
am__fastdepCC_FALSE='#'
am__fastdepCC_TRUE=''
am__fastdepCXX_FALSE='#'
am__fastdepCXX_TRUE=''
am__include='include'
am__isrc=''
am__leading_dot='.'
am__nodep='_no'
am__quote=''
am__tar='$${TAR-tar} chof - "$$tardir"'
am__untar='$${TAR-tar} xf -'
bindir='${exec_prefix}/bin'
build='x86_64-apple-darwin13.3.0'
build_alias=''
build_cpu='x86_64'
build_os='darwin13.3.0'
build_vendor='apple'
datadir='${datarootdir}'
datarootdir='${prefix}/share'
docdir='${datarootdir}/doc/${PACKAGE_TARNAME}'
dvidir='${docdir}'
exec_prefix='${prefix}'
host='x86_64-apple-darwin13.3.0'
host_alias=''
host_cpu='x86_64'
host_os='darwin13.3.0'
host_vendor='apple'
htmldir='${docdir}'
includedir='${prefix}/include'
infodir='${datarootdir}/info'
inline=''
install_sh='${SHELL} /Users/brettrenfer/Dropbox/Code/OF/of_v0.8.3_osx_release/addons/ofxLittleCMS/libs/littlecms/install-sh'
libdir='${exec_prefix}/lib'
libexecdir='${exec_prefix}/libexec'
localedir='${datarootdir}/locale'
localstatedir='${prefix}/var'
mandir='${datarootdir}/man'
mkdir_p='$(top_builddir)/./install-sh -c -d'
oldincludedir='/usr/include'
pdfdir='${docdir}'
prefix='/usr/local'
program_transform_name='s,x,x,'
psdir='${docdir}'
sbindir='${exec_prefix}/sbin'
sharedstatedir='${prefix}/com'
sysconfdir='${prefix}/etc'
target_alias=''

## ----------- ##
## confdefs.h. ##
## ----------- ##

/* confdefs.h */
#define PACKAGE_NAME "lcms2"
#define PACKAGE_TARNAME "lcms2"
#define PACKAGE_VERSION "2.6"
#define PACKAGE_STRING "lcms2 2.6"
#define PACKAGE_BUGREPORT ""
#define PACKAGE_URL ""
#define STDC_HEADERS 1
#define HAVE_SYS_TYPES_H 1
#define HAVE_SYS_STAT_H 1
#define HAVE_STDLIB_H 1
#define HAVE_STRING_H 1
#define HAVE_MEMORY_H 1
#define HAVE_STRINGS_H 1
#define HAVE_INTTYPES_H 1
#define HAVE_STDINT_H 1
#define HAVE_UNISTD_H 1
#define HAVE_DLFCN_H 1
#define LT_OBJDIR ".libs/"
#define HAVE_PTHREAD 1
#define HasTHREADS 1
#define HasJPEG 1
#define HasZLIB 1
#define HasTIFF 1
#define HAVE_TIFFCONF_H 1

configure: exit 0
